Processing DashboardController#index (for 1.1.1.1 at 2008-08-14 21:16:25) [GET]
  Session ID: BAh7CToMcmVmZXJlciIbL3ByaXNjaWxsYS9wZW9wbGUvMjM1MCIKZmxhc2hJ
QzonQWN0aW9uQ29udHJvbGxlcjo6Rmxhc2g6OkZsYXNoSGFzaHsABjoKQHVz
ZWR7ADoNbGFuZ3VhZ2VvOhNMb2NhbGU6Ok9iamVjdBI6CUB3aW4wOg1AY291
bnRyeSIHTkw6CkBoYXNoaf3L2Js6DkBvcmlnX3N0ciIKbmwtTkw6DUBpc28z
MDY2MDoNQGNoYXJzZXQiClVURi04Og5AbGFuZ3VhZ2UiB25sOg5AbW9kaWZp
ZXIwOgtAcG9zaXgiCm5sX05MOg1AZ2VuZXJhbCIKbmxfTkw6DUB2YXJpYW50
MDoOQGZhbGxiYWNrMDoMQHNjcmlwdDA6DnBlcnNvbl9pZGkCMgc=--7918aed37151c13360cd370c37b541f136146fbd
  Parameters: {"action"=>"index", "controller"=>"dashboard"}
Set language to: nl_NL
Rendering template within layouts/priscilla
Rendering dashboard/index
Completed in 0.22699 (4 reqs/sec) | Rendering: 0.02667 (11%) | DB: 0.03057 (13%) | 200 OK [https://www.example.com/]


Processing PeopleController#index (for 1.1.1.1 at 2008-08-14 21:16:30) [GET]
  Session ID: BAh7CSIKZmxhc2hJQzonQWN0aW9uQ29udHJvbGxlcjo6Rmxhc2g6OkZsYXNo
SGFzaHsABjoKQHVzZWR7ADoMcmVmZXJlciIQL3ByaXNjaWxsYS86DnBlcnNv
bl9pZGkCMgc6DWxhbmd1YWdlbzoTTG9jYWxlOjpPYmplY3QSOg1AY291bnRy
eSIHTkw6CUB3aW4wOg5Ab3JpZ19zdHIiCm5sLU5MOgpAaGFzaGn9y9ibOg5A
bGFuZ3VhZ2UiB25sOg1AY2hhcnNldCIKVVRGLTg6DUBpc28zMDY2MDoOQG1v
ZGlmaWVyMDoLQHBvc2l4IgpubF9OTDoNQHZhcmlhbnQwOg1AZ2VuZXJhbCIK
bmxfTkw6DEBzY3JpcHQwOg5AZmFsbGJhY2sw--48cbe3788ef27f6005f8e999610a42af6e90ffb3
  Parameters: {"commit"=>"Zoek", "action"=>"index", "q"=>"gaby", "controller"=>"people"}
Set language to: nl_NL
Redirected to https://www.example.com/people/2545
Completed in 0.04759 (21 reqs/sec) | DB: 0.03719 (78%) | 302 Found [https://www.example.com/people?q=gaby&commit=Zoek]


Processing PeopleController#show (for 1.1.1.1 at 2008-08-14 21:16:30) [GET]
  Session ID: BAh7CToMcmVmZXJlciIpL3ByaXNjaWxsYS9wZW9wbGU/cT1nYWJ5JmNvbW1p
dD1ab2VrIgpmbGFzaElDOidBY3Rpb25Db250cm9sbGVyOjpGbGFzaDo6Rmxh
c2hIYXNoewAGOgpAdXNlZHsAOg1sYW5ndWFnZW86E0xvY2FsZTo6T2JqZWN0
EjoJQHdpbjA6DUBjb3VudHJ5IgdOTDoKQGhhc2hp/cvYmzoOQG9yaWdfc3Ry
IgpubC1OTDoNQGlzbzMwNjYwOg1AY2hhcnNldCIKVVRGLTg6DkBsYW5ndWFn
ZSIHbmw6DkBtb2RpZmllcjA6C0Bwb3NpeCIKbmxfTkw6DUBnZW5lcmFsIgpu
bF9OTDoNQHZhcmlhbnQwOg5AZmFsbGJhY2swOgxAc2NyaXB0MDoOcGVyc29u
X2lkaQIyBw==--3ad1948559448522a49d289a2a89dc7ccbe8847a
  Parameters: {"action"=>"show", "id"=>"2545", "controller"=>"people"}
Set language to: nl_NL
Rendering template within layouts/priscilla
Rendering people/show
person: John Doe, study_year: 2008/2009
Completed in 0.29077 (3 reqs/sec) | Rendering: 0.24187 (83%) | DB: 0.04030 (13%) | 200 OK [https://www.example.com/people/2545]


Processing PeopleController#picture (for 1.1.1.1 at 2008-08-14 21:16:35) [GET]
  Session ID: BAh7CSIKZmxhc2hJQzonQWN0aW9uQ29udHJvbGxlcjo6Rmxhc2g6OkZsYXNo
SGFzaHsABjoKQHVzZWR7ADoMcmVmZXJlciIbL3ByaXNjaWxsYS9wZW9wbGUv
MjU0NToOcGVyc29uX2lkaQIyBzoNbGFuZ3VhZ2VvOhNMb2NhbGU6Ok9iamVj
dBI6DUBjb3VudHJ5IgdOTDoJQHdpbjA6DkBvcmlnX3N0ciIKbmwtTkw6CkBo
YXNoaf3L2Js6DkBsYW5ndWFnZSIHbmw6DUBjaGFyc2V0IgpVVEYtODoNQGlz
bzMwNjYwOg5AbW9kaWZpZXIwOgtAcG9zaXgiCm5sX05MOg1AdmFyaWFudDA6
DUBnZW5lcmFsIgpubF9OTDoMQHNjcmlwdDA6DkBmYWxsYmFjazA=--797a33f280a482647111397d138d0918f2658167
  Parameters: {"action"=>"picture", "id"=>"2545", "controller"=>"people"}
Set language to: nl_NL
Rendering template within layouts/priscilla
Rendering people/picture
Completed in 0.05383 (18 reqs/sec) | Rendering: 0.04622 (85%) | DB: 0.00206 (3%) | 200 OK [https://www.example.com/people/2545/picture]